<?xml version="1.0" encoding="UTF-8"?>
<testsuite xmlns:xsi="http://www.w3.org/2001/XMLSchema-instance" xsi:noNamespaceSchemaLocation="https://maven.apache.org/surefire/maven-failsafe-plugin/xsd/failsafe-test-report-3.0.xsd" version="3.0" name="io.atlassian.micros.myservice.WebServiceTestsIT" time="0.904" tests="1" errors="0" skipped="0" failures="0">
  <properties>
    <property name="gopherProxySet" value="false"/>
    <property name="awt.toolkit" value="sun.lwawt.macosx.LWCToolkit"/>
    <property name="git.tags" value=""/>
    <property name="java.specification.version" value="11"/>
    <property name="sun.cpu.isalist" value=""/>
    <property name="sun.jnu.encoding" value="UTF-8"/>
    <property name="git.build.version" value="1.0-SNAPSHOT"/>
    <property name="java.class.path" value="/Users/atiwari6/Desktop/democrud-bookapplication/target/test-classes:/Users/atiwari6/Desktop/democrud-bookapplication/target/classes:/Users/atiwari6/.m2/repository/io/atlassian/micros/contrib/micros-spring-boot-starter-base/4.5.6/micros-spring-boot-starter-base-4.5.6.jar:/Users/atiwari6/.m2/repository/org/springframework/boot/spring-boot-starter/2.5.6/spring-boot-starter-2.5.6.jar:/Users/atiwari6/.m2/repository/org/springframework/boot/spring-boot/2.5.6/spring-boot-2.5.6.jar:/Users/atiwari6/.m2/repository/org/springframework/boot/spring-boot-autoconfigure/2.5.6/spring-boot-autoconfigure-2.5.6.jar:/Users/atiwari6/.m2/repository/org/springframework/boot/spring-boot-starter-logging/2.5.6/spring-boot-starter-logging-2.5.6.jar:/Users/atiwari6/.m2/repository/org/apache/logging/log4j/log4j-to-slf4j/2.17.0/log4j-to-slf4j-2.17.0.jar:/Users/atiwari6/.m2/repository/org/apache/logging/log4j/log4j-api/2.17.0/log4j-api-2.17.0.jar:/Users/atiwari6/.m2/repository/org/slf4j/jul-to-slf4j/1.7.32/jul-to-slf4j-1.7.32.jar:/Users/atiwari6/.m2/repository/jakarta/annotation/jakarta.annotation-api/1.3.5/jakarta.annotation-api-1.3.5.jar:/Users/atiwari6/.m2/repository/org/yaml/snakeyaml/1.28/snakeyaml-1.28.jar:/Users/atiwari6/.m2/repository/org/springframework/boot/spring-boot-starter-actuator/2.5.6/spring-boot-starter-actuator-2.5.6.jar:/Users/atiwari6/.m2/repository/org/springframework/boot/spring-boot-actuator-autoconfigure/2.5.6/spring-boot-actuator-autoconfigure-2.5.6.jar:/Users/atiwari6/.m2/repository/org/springframework/boot/spring-boot-actuator/2.5.6/spring-boot-actuator-2.5.6.jar:/Users/atiwari6/.m2/repository/com/fasterxml/jackson/datatype/jackson-datatype-jsr310/2.12.5/jackson-datatype-jsr310-2.12.5.jar:/Users/atiwari6/.m2/repository/io/micrometer/micrometer-core/1.7.5/micrometer-core-1.7.5.jar:/Users/atiwari6/.m2/repository/org/hdrhistogram/HdrHistogram/2.1.12/HdrHistogram-2.1.12.jar:/Users/atiwari6/.m2/repository/org/latencyutils/LatencyUtils/2.0.3/LatencyUtils-2.0.3.jar:/Users/atiwari6/.m2/repository/io/atlassian/micros/contrib/micros-spring-boot-component-core/4.5.6/micros-spring-boot-component-core-4.5.6.jar:/Users/atiwari6/.m2/repository/org/springframework/boot/spring-boot-starter-validation/2.5.6/spring-boot-starter-validation-2.5.6.jar:/Users/atiwari6/.m2/repository/org/apache/tomcat/embed/tomcat-embed-el/9.0.54/tomcat-embed-el-9.0.54.jar:/Users/atiwari6/.m2/repository/org/hibernate/validator/hibernate-validator/6.2.0.Final/hibernate-validator-6.2.0.Final.jar:/Users/atiwari6/.m2/repository/jakarta/validation/jakarta.validation-api/2.0.2/jakarta.validation-api-2.0.2.jar:/Users/atiwari6/.m2/repository/org/jboss/logging/jboss-logging/3.4.2.Final/jboss-logging-3.4.2.Final.jar:/Users/atiwari6/.m2/repository/com/fasterxml/classmate/1.5.1/classmate-1.5.1.jar:/Users/atiwari6/.m2/repository/org/springframework/cloud/spring-cloud-starter-sleuth/3.0.5/spring-cloud-starter-sleuth-3.0.5.jar:/Users/atiwari6/.m2/repository/org/springframework/cloud/spring-cloud-starter/3.0.5/spring-cloud-starter-3.0.5.jar:/Users/atiwari6/.m2/repository/org/springframework/cloud/spring-cloud-context/3.0.5/spring-cloud-context-3.0.5.jar:/Users/atiwari6/.m2/repository/org/springframework/security/spring-security-rsa/1.0.10.RELEASE/spring-security-rsa-1.0.10.RELEASE.jar:/Users/atiwari6/.m2/repository/org/springframework/boot/spring-boot-starter-aop/2.5.6/spring-boot-starter-aop-2.5.6.jar:/Users/atiwari6/.m2/repository/org/aspectj/aspectjweaver/1.9.7/aspectjweaver-1.9.7.jar:/Users/atiwari6/.m2/repository/org/springframework/cloud/spring-cloud-sleuth-autoconfigure/3.0.5/spring-cloud-sleuth-autoconfigure-3.0.5.jar:/Users/atiwari6/.m2/repository/org/aspectj/aspectjrt/1.9.7/aspectjrt-1.9.7.jar:/Users/atiwari6/.m2/repository/org/springframework/cloud/spring-cloud-sleuth-brave/3.0.5/spring-cloud-sleuth-brave-3.0.5.jar:/Users/atiwari6/.m2/repository/io/zipkin/brave/brave/5.13.2/brave-5.13.2.jar:/Users/atiwari6/.m2/repository/io/zipkin/brave/brave-context-slf4j/5.13.2/brave-context-slf4j-5.13.2.jar:/Users/atiwari6/.m2/repository/io/zipkin/brave/brave-instrumentation-messaging/5.13.2/brave-instrumentation-messaging-5.13.2.jar:/Users/atiwari6/.m2/repository/io/zipkin/brave/brave-instrumentation-rpc/5.13.2/brave-instrumentation-rpc-5.13.2.jar:/Users/atiwari6/.m2/repository/io/zipkin/brave/brave-instrumentation-spring-rabbit/5.13.2/brave-instrumentation-spring-rabbit-5.13.2.jar:/Users/atiwari6/.m2/repository/io/zipkin/brave/brave-instrumentation-kafka-clients/5.13.2/brave-instrumentation-kafka-clients-5.13.2.jar:/Users/atiwari6/.m2/repository/io/zipkin/brave/brave-instrumentation-kafka-streams/5.13.2/brave-instrumentation-kafka-streams-5.13.2.jar:/Users/atiwari6/.m2/repository/io/zipkin/brave/brave-instrumentation-httpclient/5.13.2/brave-instrumentation-httpclient-5.13.2.jar:/Users/atiwari6/.m2/repository/io/zipkin/brave/brave-instrumentation-http/5.13.2/brave-instrumentation-http-5.13.2.jar:/Users/atiwari6/.m2/repository/io/zipkin/brave/brave-instrumentation-httpasyncclient/5.13.2/brave-instrumentation-httpasyncclient-5.13.2.jar:/Users/atiwari6/.m2/repository/io/zipkin/brave/brave-instrumentation-jms/5.13.2/brave-instrumentation-jms-5.13.2.jar:/Users/atiwari6/.m2/repository/io/zipkin/brave/brave-instrumentation-mongodb/5.13.2/brave-instrumentation-mongodb-5.13.2.jar:/Users/atiwari6/.m2/repository/io/zipkin/aws/brave-propagation-aws/0.21.3/brave-propagation-aws-0.21.3.jar:/Users/atiwari6/.m2/repository/io/zipkin/reporter2/zipkin-reporter-metrics-micrometer/2.16.1/zipkin-reporter-metrics-micrometer-2.16.1.jar:/Users/atiwari6/.m2/repository/org/springframework/cloud/spring-cloud-sleuth-zipkin/3.0.5/spring-cloud-sleuth-zipkin-3.0.5.jar:/Users/atiwari6/.m2/repository/org/springframework/cloud/spring-cloud-sleuth-instrumentation/3.0.5/spring-cloud-sleuth-instrumentation-3.0.5.jar:/Users/atiwari6/.m2/repository/org/springframework/cloud/spring-cloud-sleuth-api/3.0.5/spring-cloud-sleuth-api-3.0.5.jar:/Users/atiwari6/.m2/repository/org/springframework/cloud/spring-cloud-commons/3.0.5/spring-cloud-commons-3.0.5.jar:/Users/atiwari6/.m2/repository/org/springframework/security/spring-security-crypto/5.5.3/spring-security-crypto-5.5.3.jar:/Users/atiwari6/.m2/repository/io/zipkin/zipkin2/zipkin/2.23.0/zipkin-2.23.0.jar:/Users/atiwari6/.m2/repository/io/zipkin/reporter2/zipkin-reporter/2.16.1/zipkin-reporter-2.16.1.jar:/Users/atiwari6/.m2/repository/io/zipkin/reporter2/zipkin-reporter-brave/2.16.1/zipkin-reporter-brave-2.16.1.jar:/Users/atiwari6/.m2/repository/io/zipkin/reporter2/zipkin-sender-kafka/2.16.1/zipkin-sender-kafka-2.16.1.jar:/Users/atiwari6/.m2/repository/io/zipkin/reporter2/zipkin-sender-activemq-client/2.16.1/zipkin-sender-activemq-client-2.16.1.jar:/Users/atiwari6/.m2/repository/io/zipkin/reporter2/zipkin-sender-amqp-client/2.16.1/zipkin-sender-amqp-client-2.16.1.jar:/Users/atiwari6/.m2/repository/io/micrometer/micrometer-registry-statsd/1.7.5/micrometer-registry-statsd-1.7.5.jar:/Users/atiwari6/.m2/repository/ch/qos/logback/logback-classic/1.2.6/logback-classic-1.2.6.jar:/Users/atiwari6/.m2/repository/ch/qos/logback/logback-core/1.2.6/logback-core-1.2.6.jar:/Users/atiwari6/.m2/repository/org/apache/commons/commons-lang3/3.12.0/commons-lang3-3.12.0.jar:/Users/atiwari6/.m2/repository/io/zipkin/reporter2/zipkin-sender-urlconnection/2.16.1/zipkin-sender-urlconnection-2.16.1.jar:/Users/atiwari6/.m2/repository/net/logstash/logback/logstash-logback-encoder/7.0.1/logstash-logback-encoder-7.0.1.jar:/Users/atiwari6/.m2/repository/com/fasterxml/jackson/core/jackson-databind/2.12.5/jackson-databind-2.12.5.jar:/Users/atiwari6/.m2/repository/com/fasterxml/jackson/core/jackson-annotations/2.12.5/jackson-annotations-2.12.5.jar:/Users/atiwari6/.m2/repository/com/fasterxml/jackson/core/jackson-core/2.12.5/jackson-core-2.12.5.jar:/Users/atiwari6/.m2/repository/org/codehaus/janino/janino/3.1.6/janino-3.1.6.jar:/Users/atiwari6/.m2/repository/org/codehaus/janino/commons-compiler/3.1.6/commons-compiler-3.1.6.jar:/Users/atiwari6/.m2/repository/io/atlassian/micros/contrib/micros-spring-boot-starter-rest-spring-mvc/4.5.6/micros-spring-boot-starter-rest-spring-mvc-4.5.6.jar:/Users/atiwari6/.m2/repository/org/springframework/boot/spring-boot-starter-web/2.5.6/spring-boot-starter-web-2.5.6.jar:/Users/atiwari6/.m2/repository/org/springframework/boot/spring-boot-starter-json/2.5.6/spring-boot-starter-json-2.5.6.jar:/Users/atiwari6/.m2/repository/com/fasterxml/jackson/datatype/jackson-datatype-jdk8/2.12.5/jackson-datatype-jdk8-2.12.5.jar:/Users/atiwari6/.m2/repository/com/fasterxml/jackson/module/jackson-module-parameter-names/2.12.5/jackson-module-parameter-names-2.12.5.jar:/Users/atiwari6/.m2/repository/org/springframework/boot/spring-boot-starter-tomcat/2.5.6/spring-boot-starter-tomcat-2.5.6.jar:/Users/atiwari6/.m2/repository/org/apache/tomcat/embed/tomcat-embed-core/9.0.54/tomcat-embed-core-9.0.54.jar:/Users/atiwari6/.m2/repository/org/apache/tomcat/embed/tomcat-embed-websocket/9.0.54/tomcat-embed-websocket-9.0.54.jar:/Users/atiwari6/.m2/repository/org/springframework/spring-web/5.3.12/spring-web-5.3.12.jar:/Users/atiwari6/.m2/repository/org/springframework/spring-webmvc/5.3.12/spring-webmvc-5.3.12.jar:/Users/atiwari6/.m2/repository/org/springframework/spring-aop/5.3.12/spring-aop-5.3.12.jar:/Users/atiwari6/.m2/repository/org/springframework/spring-expression/5.3.12/spring-expression-5.3.12.jar:/Users/atiwari6/.m2/repository/io/atlassian/micros/contrib/micros-spring-boot-component-rest-spring-mvc/4.5.6/micros-spring-boot-component-rest-spring-mvc-4.5.6.jar:/Users/atiwari6/.m2/repository/io/atlassian/micros/contrib/micros-spring-boot-component-rest-common/4.5.6/micros-spring-boot-component-rest-common-4.5.6.jar:/Users/atiwari6/.m2/repository/com/atlassian/asap/asap-client-core/3.0.3/asap-client-core-3.0.3.jar:/Users/atiwari6/.m2/repository/com/atlassian/http/atlassian-http/2.0.8/atlassian-http-2.0.8.jar:/Users/atiwari6/.m2/repository/org/apache/tika/tika-core/1.22/tika-core-1.22.jar:/Users/atiwari6/.m2/repository/org/springdoc/springdoc-openapi-webmvc-core/1.6.2/springdoc-openapi-webmvc-core-1.6.2.jar:/Users/atiwari6/.m2/repository/org/springdoc/springdoc-openapi-common/1.6.2/springdoc-openapi-common-1.6.2.jar:/Users/atiwari6/.m2/repository/io/swagger/core/v3/swagger-models/2.1.11/swagger-models-2.1.11.jar:/Users/atiwari6/.m2/repository/io/swagger/core/v3/swagger-annotations/2.1.11/swagger-annotations-2.1.11.jar:/Users/atiwari6/.m2/repository/io/swagger/core/v3/swagger-integration/2.1.11/swagger-integration-2.1.11.jar:/Users/atiwari6/.m2/repository/io/swagger/core/v3/swagger-core/2.1.11/swagger-core-2.1.11.jar:/Users/atiwari6/.m2/repository/com/fasterxml/jackson/dataformat/jackson-dataformat-yaml/2.12.5/jackson-dataformat-yaml-2.12.5.jar:/Users/atiwari6/.m2/repository/io/github/classgraph/classgraph/4.8.116/classgraph-4.8.116.jar:/Users/atiwari6/.m2/repository/io/atlassian/apimetadata/api-metadata-lib-openapi3/1.0.24/api-metadata-lib-openapi3-1.0.24.jar:/Users/atiwari6/.m2/repository/io/atlassian/apimetadata/api-metadata-lib-common/1.0.24/api-metadata-lib-common-1.0.24.jar:/Users/atiwari6/.m2/repository/com/atlassian/axe/axe-spring/2.3.6/axe-spring-2.3.6.jar:/Users/atiwari6/.m2/repository/com/atlassian/axe/axe-logger/2.3.6/axe-logger-2.3.6.jar:/Users/atiwari6/.m2/repository/com/atlassian/axe/axe-servlet/2.3.6/axe-servlet-2.3.6.jar:/Users/atiwari6/.m2/repository/com/atlassian/axe/axe-web/2.3.6/axe-web-2.3.6.jar:/Users/atiwari6/.m2/repository/com/atlassian/axe/axe-concurrent/2.3.6/axe-concurrent-2.3.6.jar:/Users/atiwari6/.m2/repository/com/atlassian/asap/asap-server-spring/3.0.3/asap-server-spring-3.0.3.jar:/Users/atiwari6/.m2/repository/com/atlassian/asap/asap-common/3.0.3/asap-common-3.0.3.jar:/Users/atiwari6/.m2/repository/javax/json/javax.json-api/1.1.4/javax.json-api-1.1.4.jar:/Users/atiwari6/.m2/repository/org/glassfish/jakarta.json/1.1.6/jakarta.json-1.1.6.jar:/Users/atiwari6/.m2/repository/com/nimbusds/nimbus-jose-jwt/9.7/nimbus-jose-jwt-9.7.jar:/Users/atiwari6/.m2/repository/org/bouncycastle/bcprov-jdk15on/1.69/bcprov-jdk15on-1.69.jar:/Users/atiwari6/.m2/repository/org/bouncycastle/bcpkix-jdk15on/1.69/bcpkix-jdk15on-1.69.jar:/Users/atiwari6/.m2/repository/org/bouncycastle/bcutil-jdk15on/1.69/bcutil-jdk15on-1.69.jar:/Users/atiwari6/.m2/repository/org/apache/httpcomponents/httpcore/4.4.14/httpcore-4.4.14.jar:/Users/atiwari6/.m2/repository/org/apache/httpcomponents/httpclient-cache/4.5.13/httpclient-cache-4.5.13.jar:/Users/atiwari6/.m2/repository/com/google/guava/guava/31.0.1-jre/guava-31.0.1-jre.jar:/Users/atiwari6/.m2/repository/com/google/guava/failureaccess/1.0.1/failureaccess-1.0.1.jar:/Users/atiwari6/.m2/repository/com/google/guava/listenablefuture/9999.0-empty-to-avoid-conflict-with-guava/listenablefuture-9999.0-empty-to-avoid-conflict-with-guava.jar:/Users/atiwari6/.m2/repository/com/google/code/findbugs/jsr305/3.0.2/jsr305-3.0.2.jar:/Users/atiwari6/.m2/repository/org/checkerframework/checker-qual/3.12.0/checker-qual-3.12.0.jar:/Users/atiwari6/.m2/repository/com/google/errorprone/error_prone_annotations/2.7.1/error_prone_annotations-2.7.1.jar:/Users/atiwari6/.m2/repository/com/google/j2objc/j2objc-annotations/1.3/j2objc-annotations-1.3.jar:/Users/atiwari6/.m2/repository/commons-io/commons-io/2.8.0/commons-io-2.8.0.jar:/Users/atiwari6/.m2/repository/com/google/code/findbugs/annotations/3.0.1/annotations-3.0.1.jar:/Users/atiwari6/.m2/repository/net/jcip/jcip-annotations/1.0/jcip-annotations-1.0.jar:/Users/atiwari6/.m2/repository/com/atlassian/asap/asap-server-core/3.0.3/asap-server-core-3.0.3.jar:/Users/atiwari6/.m2/repository/org/springframework/spring-beans/5.3.12/spring-beans-5.3.12.jar:/Users/atiwari6/.m2/repository/org/springframework/spring-context/5.3.12/spring-context-5.3.12.jar:/Users/atiwari6/.m2/repository/com/amazonaws/aws-java-sdk-dynamodb/1.12.154/aws-java-sdk-dynamodb-1.12.154.jar:/Users/atiwari6/.m2/repository/com/amazonaws/aws-java-sdk-s3/1.12.129/aws-java-sdk-s3-1.12.129.jar:/Users/atiwari6/.m2/repository/com/amazonaws/aws-java-sdk-kms/1.12.129/aws-java-sdk-kms-1.12.129.jar:/Users/atiwari6/.m2/repository/com/amazonaws/aws-java-sdk-core/1.12.129/aws-java-sdk-core-1.12.129.jar:/Users/atiwari6/.m2/repository/commons-codec/commons-codec/1.15/commons-codec-1.15.jar:/Users/atiwari6/.m2/repository/org/apache/httpcomponents/httpclient/4.5.13/httpclient-4.5.13.jar:/Users/atiwari6/.m2/repository/software/amazon/ion/ion-java/1.0.2/ion-java-1.0.2.jar:/Users/atiwari6/.m2/repository/com/fasterxml/jackson/dataformat/jackson-dataformat-cbor/2.12.5/jackson-dataformat-cbor-2.12.5.jar:/Users/atiwari6/.m2/repository/joda-time/joda-time/2.8.1/joda-time-2.8.1.jar:/Users/atiwari6/.m2/repository/com/amazonaws/jmespath-java/1.12.129/jmespath-java-1.12.129.jar:/Users/atiwari6/.m2/repository/org/springframework/boot/spring-boot-configuration-processor/2.6.3/spring-boot-configuration-processor-2.6.3.jar:/Users/atiwari6/.m2/repository/org/springframework/boot/spring-boot-starter-test/2.6.3/spring-boot-starter-test-2.6.3.jar:/Users/atiwari6/.m2/repository/org/springframework/boot/spring-boot-test/2.5.6/spring-boot-test-2.5.6.jar:/Users/atiwari6/.m2/repository/org/springframework/boot/spring-boot-test-autoconfigure/2.5.6/spring-boot-test-autoconfigure-2.5.6.jar:/Users/atiwari6/.m2/repository/com/jayway/jsonpath/json-path/2.5.0/json-path-2.5.0.jar:/Users/atiwari6/.m2/repository/net/minidev/json-smart/2.4.7/json-smart-2.4.7.jar:/Users/atiwari6/.m2/repository/net/minidev/accessors-smart/2.4.7/accessors-smart-2.4.7.jar:/Users/atiwari6/.m2/repository/org/ow2/asm/asm/9.1/asm-9.1.jar:/Users/atiwari6/.m2/repository/org/slf4j/slf4j-api/1.7.32/slf4j-api-1.7.32.jar:/Users/atiwari6/.m2/repository/jakarta/xml/bind/jakarta.xml.bind-api/2.3.3/jakarta.xml.bind-api-2.3.3.jar:/Users/atiwari6/.m2/repository/jakarta/activation/jakarta.activation-api/1.2.2/jakarta.activation-api-1.2.2.jar:/Users/atiwari6/.m2/repository/org/assertj/assertj-core/3.19.0/assertj-core-3.19.0.jar:/Users/atiwari6/.m2/repository/org/hamcrest/hamcrest/2.2/hamcrest-2.2.jar:/Users/atiwari6/.m2/repository/org/junit/jupiter/junit-jupiter/5.7.2/junit-jupiter-5.7.2.jar:/Users/atiwari6/.m2/repository/org/junit/jupiter/junit-jupiter-api/5.7.2/junit-jupiter-api-5.7.2.jar:/Users/atiwari6/.m2/repository/org/apiguardian/apiguardian-api/1.1.0/apiguardian-api-1.1.0.jar:/Users/atiwari6/.m2/repository/org/opentest4j/opentest4j/1.2.0/opentest4j-1.2.0.jar:/Users/atiwari6/.m2/repository/org/junit/platform/junit-platform-commons/1.7.2/junit-platform-commons-1.7.2.jar:/Users/atiwari6/.m2/repository/org/junit/jupiter/junit-jupiter-params/5.7.2/junit-jupiter-params-5.7.2.jar:/Users/atiwari6/.m2/repository/org/junit/jupiter/junit-jupiter-engine/5.7.2/junit-jupiter-engine-5.7.2.jar:/Users/atiwari6/.m2/repository/org/junit/platform/junit-platform-engine/1.7.2/junit-platform-engine-1.7.2.jar:/Users/atiwari6/.m2/repository/org/mockito/mockito-core/3.9.0/mockito-core-3.9.0.jar:/Users/atiwari6/.m2/repository/net/bytebuddy/byte-buddy/1.10.22/byte-buddy-1.10.22.jar:/Users/atiwari6/.m2/repository/net/bytebuddy/byte-buddy-agent/1.10.22/byte-buddy-agent-1.10.22.jar:/Users/atiwari6/.m2/repository/org/objenesis/objenesis/3.2/objenesis-3.2.jar:/Users/atiwari6/.m2/repository/org/mockito/mockito-junit-jupiter/3.9.0/mockito-junit-jupiter-3.9.0.jar:/Users/atiwari6/.m2/repository/org/skyscreamer/jsonassert/1.5.0/jsonassert-1.5.0.jar:/Users/atiwari6/.m2/repository/com/vaadin/external/google/android-json/0.0.20131108.vaadin1/android-json-0.0.20131108.vaadin1.jar:/Users/atiwari6/.m2/repository/org/springframework/spring-core/5.3.12/spring-core-5.3.12.jar:/Users/atiwari6/.m2/repository/org/springframework/spring-jcl/5.3.12/spring-jcl-5.3.12.jar:/Users/atiwari6/.m2/repository/org/springframework/spring-test/5.3.12/spring-test-5.3.12.jar:/Users/atiwari6/.m2/repository/org/xmlunit/xmlunit-core/2.8.3/xmlunit-core-2.8.3.jar:/Users/atiwari6/.m2/repository/org/projectlombok/lombok/1.18.22/lombok-1.18.22.jar:/Users/atiwari6/.m2/repository/org/mapstruct/mapstruct/1.4.2.Final/mapstruct-1.4.2.Final.jar:"/>
    <property name="git.branch" value="master"/>
    <property name="git.build.host" value="M9DH9Y09Y5"/>
    <property name="java.vm.vendor" value="AdoptOpenJDK"/>
    <property name="sun.arch.data.model" value="64"/>
    <property name="git.commit.id" value="806f13ad842129df3a516dda03a52458254a2502"/>
    <property name="java.vendor.url" value="https://adoptopenjdk.net/"/>
    <property name="user.timezone" value="Asia/Kolkata"/>
    <property name="os.name" value="Mac OS X"/>
    <property name="java.vm.specification.version" value="11"/>
    <property name="git.commit.author.time" value="2022-03-03T16:29:53+0530"/>
    <property name="sun.java.launcher" value="SUN_STANDARD"/>
    <property name="user.country" value="IN"/>
    <property name="git.build.user.name" value=""/>
    <property name="sun.boot.library.path" value="/Library/Java/JavaVirtualMachines/adoptopenjdk-11.jdk/Contents/Home/lib"/>
    <property name="sun.java.command" value="/Users/atiwari6/Desktop/democrud-bookapplication/target/surefire/surefirebooter17216497527452560659.jar /Users/atiwari6/Desktop/democrud-bookapplication/target/surefire 2022-03-09T15-03-39_259-jvmRun1 surefire5591324116170084093tmp surefire_012848065794623611981tmp"/>
    <property name="CONTEXT_KEY_PREVIOUSLY_PULLED" value="{&quot;docker.atl-paas.net/sox/micros-java-11:v1.1.6&quot;:true}"/>
    <property name="jdk.debug" value="release"/>
    <property name="surefire.test.class.path" value="/Users/atiwari6/Desktop/democrud-bookapplication/target/test-classes:/Users/atiwari6/Desktop/democrud-bookapplication/target/classes:/Users/atiwari6/.m2/repository/io/atlassian/micros/contrib/micros-spring-boot-starter-base/4.5.6/micros-spring-boot-starter-base-4.5.6.jar:/Users/atiwari6/.m2/repository/org/springframework/boot/spring-boot-starter/2.5.6/spring-boot-starter-2.5.6.jar:/Users/atiwari6/.m2/repository/org/springframework/boot/spring-boot/2.5.6/spring-boot-2.5.6.jar:/Users/atiwari6/.m2/repository/org/springframework/boot/spring-boot-autoconfigure/2.5.6/spring-boot-autoconfigure-2.5.6.jar:/Users/atiwari6/.m2/repository/org/springframework/boot/spring-boot-starter-logging/2.5.6/spring-boot-starter-logging-2.5.6.jar:/Users/atiwari6/.m2/repository/org/apache/logging/log4j/log4j-to-slf4j/2.17.0/log4j-to-slf4j-2.17.0.jar:/Users/atiwari6/.m2/repository/org/apache/logging/log4j/log4j-api/2.17.0/log4j-api-2.17.0.jar:/Users/atiwari6/.m2/repository/org/slf4j/jul-to-slf4j/1.7.32/jul-to-slf4j-1.7.32.jar:/Users/atiwari6/.m2/repository/jakarta/annotation/jakarta.annotation-api/1.3.5/jakarta.annotation-api-1.3.5.jar:/Users/atiwari6/.m2/repository/org/yaml/snakeyaml/1.28/snakeyaml-1.28.jar:/Users/atiwari6/.m2/repository/org/springframework/boot/spring-boot-starter-actuator/2.5.6/spring-boot-starter-actuator-2.5.6.jar:/Users/atiwari6/.m2/repository/org/springframework/boot/spring-boot-actuator-autoconfigure/2.5.6/spring-boot-actuator-autoconfigure-2.5.6.jar:/Users/atiwari6/.m2/repository/org/springframework/boot/spring-boot-actuator/2.5.6/spring-boot-actuator-2.5.6.jar:/Users/atiwari6/.m2/repository/com/fasterxml/jackson/datatype/jackson-datatype-jsr310/2.12.5/jackson-datatype-jsr310-2.12.5.jar:/Users/atiwari6/.m2/repository/io/micrometer/micrometer-core/1.7.5/micrometer-core-1.7.5.jar:/Users/atiwari6/.m2/repository/org/hdrhistogram/HdrHistogram/2.1.12/HdrHistogram-2.1.12.jar:/Users/atiwari6/.m2/repository/org/latencyutils/LatencyUtils/2.0.3/LatencyUtils-2.0.3.jar:/Users/atiwari6/.m2/repository/io/atlassian/micros/contrib/micros-spring-boot-component-core/4.5.6/micros-spring-boot-component-core-4.5.6.jar:/Users/atiwari6/.m2/repository/org/springframework/boot/spring-boot-starter-validation/2.5.6/spring-boot-starter-validation-2.5.6.jar:/Users/atiwari6/.m2/repository/org/apache/tomcat/embed/tomcat-embed-el/9.0.54/tomcat-embed-el-9.0.54.jar:/Users/atiwari6/.m2/repository/org/hibernate/validator/hibernate-validator/6.2.0.Final/hibernate-validator-6.2.0.Final.jar:/Users/atiwari6/.m2/repository/jakarta/validation/jakarta.validation-api/2.0.2/jakarta.validation-api-2.0.2.jar:/Users/atiwari6/.m2/repository/org/jboss/logging/jboss-logging/3.4.2.Final/jboss-logging-3.4.2.Final.jar:/Users/atiwari6/.m2/repository/com/fasterxml/classmate/1.5.1/classmate-1.5.1.jar:/Users/atiwari6/.m2/repository/org/springframework/cloud/spring-cloud-starter-sleuth/3.0.5/spring-cloud-starter-sleuth-3.0.5.jar:/Users/atiwari6/.m2/repository/org/springframework/cloud/spring-cloud-starter/3.0.5/spring-cloud-starter-3.0.5.jar:/Users/atiwari6/.m2/repository/org/springframework/cloud/spring-cloud-context/3.0.5/spring-cloud-context-3.0.5.jar:/Users/atiwari6/.m2/repository/org/springframework/security/spring-security-rsa/1.0.10.RELEASE/spring-security-rsa-1.0.10.RELEASE.jar:/Users/atiwari6/.m2/repository/org/springframework/boot/spring-boot-starter-aop/2.5.6/spring-boot-starter-aop-2.5.6.jar:/Users/atiwari6/.m2/repository/org/aspectj/aspectjweaver/1.9.7/aspectjweaver-1.9.7.jar:/Users/atiwari6/.m2/repository/org/springframework/cloud/spring-cloud-sleuth-autoconfigure/3.0.5/spring-cloud-sleuth-autoconfigure-3.0.5.jar:/Users/atiwari6/.m2/repository/org/aspectj/aspectjrt/1.9.7/aspectjrt-1.9.7.jar:/Users/atiwari6/.m2/repository/org/springframework/cloud/spring-cloud-sleuth-brave/3.0.5/spring-cloud-sleuth-brave-3.0.5.jar:/Users/atiwari6/.m2/repository/io/zipkin/brave/brave/5.13.2/brave-5.13.2.jar:/Users/atiwari6/.m2/repository/io/zipkin/brave/brave-context-slf4j/5.13.2/brave-context-slf4j-5.13.2.jar:/Users/atiwari6/.m2/repository/io/zipkin/brave/brave-instrumentation-messaging/5.13.2/brave-instrumentation-messaging-5.13.2.jar:/Users/atiwari6/.m2/repository/io/zipkin/brave/brave-instrumentation-rpc/5.13.2/brave-instrumentation-rpc-5.13.2.jar:/Users/atiwari6/.m2/repository/io/zipkin/brave/brave-instrumentation-spring-rabbit/5.13.2/brave-instrumentation-spring-rabbit-5.13.2.jar:/Users/atiwari6/.m2/repository/io/zipkin/brave/brave-instrumentation-kafka-clients/5.13.2/brave-instrumentation-kafka-clients-5.13.2.jar:/Users/atiwari6/.m2/repository/io/zipkin/brave/brave-instrumentation-kafka-streams/5.13.2/brave-instrumentation-kafka-streams-5.13.2.jar:/Users/atiwari6/.m2/repository/io/zipkin/brave/brave-instrumentation-httpclient/5.13.2/brave-instrumentation-httpclient-5.13.2.jar:/Users/atiwari6/.m2/repository/io/zipkin/brave/brave-instrumentation-http/5.13.2/brave-instrumentation-http-5.13.2.jar:/Users/atiwari6/.m2/repository/io/zipkin/brave/brave-instrumentation-httpasyncclient/5.13.2/brave-instrumentation-httpasyncclient-5.13.2.jar:/Users/atiwari6/.m2/repository/io/zipkin/brave/brave-instrumentation-jms/5.13.2/brave-instrumentation-jms-5.13.2.jar:/Users/atiwari6/.m2/repository/io/zipkin/brave/brave-instrumentation-mongodb/5.13.2/brave-instrumentation-mongodb-5.13.2.jar:/Users/atiwari6/.m2/repository/io/zipkin/aws/brave-propagation-aws/0.21.3/brave-propagation-aws-0.21.3.jar:/Users/atiwari6/.m2/repository/io/zipkin/reporter2/zipkin-reporter-metrics-micrometer/2.16.1/zipkin-reporter-metrics-micrometer-2.16.1.jar:/Users/atiwari6/.m2/repository/org/springframework/cloud/spring-cloud-sleuth-zipkin/3.0.5/spring-cloud-sleuth-zipkin-3.0.5.jar:/Users/atiwari6/.m2/repository/org/springframework/cloud/spring-cloud-sleuth-instrumentation/3.0.5/spring-cloud-sleuth-instrumentation-3.0.5.jar:/Users/atiwari6/.m2/repository/org/springframework/cloud/spring-cloud-sleuth-api/3.0.5/spring-cloud-sleuth-api-3.0.5.jar:/Users/atiwari6/.m2/repository/org/springframework/cloud/spring-cloud-commons/3.0.5/spring-cloud-commons-3.0.5.jar:/Users/atiwari6/.m2/repository/org/springframework/security/spring-security-crypto/5.5.3/spring-security-crypto-5.5.3.jar:/Users/atiwari6/.m2/repository/io/zipkin/zipkin2/zipkin/2.23.0/zipkin-2.23.0.jar:/Users/atiwari6/.m2/repository/io/zipkin/reporter2/zipkin-reporter/2.16.1/zipkin-reporter-2.16.1.jar:/Users/atiwari6/.m2/repository/io/zipkin/reporter2/zipkin-reporter-brave/2.16.1/zipkin-reporter-brave-2.16.1.jar:/Users/atiwari6/.m2/repository/io/zipkin/reporter2/zipkin-sender-kafka/2.16.1/zipkin-sender-kafka-2.16.1.jar:/Users/atiwari6/.m2/repository/io/zipkin/reporter2/zipkin-sender-activemq-client/2.16.1/zipkin-sender-activemq-client-2.16.1.jar:/Users/atiwari6/.m2/repository/io/zipkin/reporter2/zipkin-sender-amqp-client/2.16.1/zipkin-sender-amqp-client-2.16.1.jar:/Users/atiwari6/.m2/repository/io/micrometer/micrometer-registry-statsd/1.7.5/micrometer-registry-statsd-1.7.5.jar:/Users/atiwari6/.m2/repository/ch/qos/logback/logback-classic/1.2.6/logback-classic-1.2.6.jar:/Users/atiwari6/.m2/repository/ch/qos/logback/logback-core/1.2.6/logback-core-1.2.6.jar:/Users/atiwari6/.m2/repository/org/apache/commons/commons-lang3/3.12.0/commons-lang3-3.12.0.jar:/Users/atiwari6/.m2/repository/io/zipkin/reporter2/zipkin-sender-urlconnection/2.16.1/zipkin-sender-urlconnection-2.16.1.jar:/Users/atiwari6/.m2/repository/net/logstash/logback/logstash-logback-encoder/7.0.1/logstash-logback-encoder-7.0.1.jar:/Users/atiwari6/.m2/repository/com/fasterxml/jackson/core/jackson-databind/2.12.5/jackson-databind-2.12.5.jar:/Users/atiwari6/.m2/repository/com/fasterxml/jackson/core/jackson-annotations/2.12.5/jackson-annotations-2.12.5.jar:/Users/atiwari6/.m2/repository/com/fasterxml/jackson/core/jackson-core/2.12.5/jackson-core-2.12.5.jar:/Users/atiwari6/.m2/repository/org/codehaus/janino/janino/3.1.6/janino-3.1.6.jar:/Users/atiwari6/.m2/repository/org/codehaus/janino/commons-compiler/3.1.6/commons-compiler-3.1.6.jar:/Users/atiwari6/.m2/repository/io/atlassian/micros/contrib/micros-spring-boot-starter-rest-spring-mvc/4.5.6/micros-spring-boot-starter-rest-spring-mvc-4.5.6.jar:/Users/atiwari6/.m2/repository/org/springframework/boot/spring-boot-starter-web/2.5.6/spring-boot-starter-web-2.5.6.jar:/Users/atiwari6/.m2/repository/org/springframework/boot/spring-boot-starter-json/2.5.6/spring-boot-starter-json-2.5.6.jar:/Users/atiwari6/.m2/repository/com/fasterxml/jackson/datatype/jackson-datatype-jdk8/2.12.5/jackson-datatype-jdk8-2.12.5.jar:/Users/atiwari6/.m2/repository/com/fasterxml/jackson/module/jackson-module-parameter-names/2.12.5/jackson-module-parameter-names-2.12.5.jar:/Users/atiwari6/.m2/repository/org/springframework/boot/spring-boot-starter-tomcat/2.5.6/spring-boot-starter-tomcat-2.5.6.jar:/Users/atiwari6/.m2/repository/org/apache/tomcat/embed/tomcat-embed-core/9.0.54/tomcat-embed-core-9.0.54.jar:/Users/atiwari6/.m2/repository/org/apache/tomcat/embed/tomcat-embed-websocket/9.0.54/tomcat-embed-websocket-9.0.54.jar:/Users/atiwari6/.m2/repository/org/springframework/spring-web/5.3.12/spring-web-5.3.12.jar:/Users/atiwari6/.m2/repository/org/springframework/spring-webmvc/5.3.12/spring-webmvc-5.3.12.jar:/Users/atiwari6/.m2/repository/org/springframework/spring-aop/5.3.12/spring-aop-5.3.12.jar:/Users/atiwari6/.m2/repository/org/springframework/spring-expression/5.3.12/spring-expression-5.3.12.jar:/Users/atiwari6/.m2/repository/io/atlassian/micros/contrib/micros-spring-boot-component-rest-spring-mvc/4.5.6/micros-spring-boot-component-rest-spring-mvc-4.5.6.jar:/Users/atiwari6/.m2/repository/io/atlassian/micros/contrib/micros-spring-boot-component-rest-common/4.5.6/micros-spring-boot-component-rest-common-4.5.6.jar:/Users/atiwari6/.m2/repository/com/atlassian/asap/asap-client-core/3.0.3/asap-client-core-3.0.3.jar:/Users/atiwari6/.m2/repository/com/atlassian/http/atlassian-http/2.0.8/atlassian-http-2.0.8.jar:/Users/atiwari6/.m2/repository/org/apache/tika/tika-core/1.22/tika-core-1.22.jar:/Users/atiwari6/.m2/repository/org/springdoc/springdoc-openapi-webmvc-core/1.6.2/springdoc-openapi-webmvc-core-1.6.2.jar:/Users/atiwari6/.m2/repository/org/springdoc/springdoc-openapi-common/1.6.2/springdoc-openapi-common-1.6.2.jar:/Users/atiwari6/.m2/repository/io/swagger/core/v3/swagger-models/2.1.11/swagger-models-2.1.11.jar:/Users/atiwari6/.m2/repository/io/swagger/core/v3/swagger-annotations/2.1.11/swagger-annotations-2.1.11.jar:/Users/atiwari6/.m2/repository/io/swagger/core/v3/swagger-integration/2.1.11/swagger-integration-2.1.11.jar:/Users/atiwari6/.m2/repository/io/swagger/core/v3/swagger-core/2.1.11/swagger-core-2.1.11.jar:/Users/atiwari6/.m2/repository/com/fasterxml/jackson/dataformat/jackson-dataformat-yaml/2.12.5/jackson-dataformat-yaml-2.12.5.jar:/Users/atiwari6/.m2/repository/io/github/classgraph/classgraph/4.8.116/classgraph-4.8.116.jar:/Users/atiwari6/.m2/repository/io/atlassian/apimetadata/api-metadata-lib-openapi3/1.0.24/api-metadata-lib-openapi3-1.0.24.jar:/Users/atiwari6/.m2/repository/io/atlassian/apimetadata/api-metadata-lib-common/1.0.24/api-metadata-lib-common-1.0.24.jar:/Users/atiwari6/.m2/repository/com/atlassian/axe/axe-spring/2.3.6/axe-spring-2.3.6.jar:/Users/atiwari6/.m2/repository/com/atlassian/axe/axe-logger/2.3.6/axe-logger-2.3.6.jar:/Users/atiwari6/.m2/repository/com/atlassian/axe/axe-servlet/2.3.6/axe-servlet-2.3.6.jar:/Users/atiwari6/.m2/repository/com/atlassian/axe/axe-web/2.3.6/axe-web-2.3.6.jar:/Users/atiwari6/.m2/repository/com/atlassian/axe/axe-concurrent/2.3.6/axe-concurrent-2.3.6.jar:/Users/atiwari6/.m2/repository/com/atlassian/asap/asap-server-spring/3.0.3/asap-server-spring-3.0.3.jar:/Users/atiwari6/.m2/repository/com/atlassian/asap/asap-common/3.0.3/asap-common-3.0.3.jar:/Users/atiwari6/.m2/repository/javax/json/javax.json-api/1.1.4/javax.json-api-1.1.4.jar:/Users/atiwari6/.m2/repository/org/glassfish/jakarta.json/1.1.6/jakarta.json-1.1.6.jar:/Users/atiwari6/.m2/repository/com/nimbusds/nimbus-jose-jwt/9.7/nimbus-jose-jwt-9.7.jar:/Users/atiwari6/.m2/repository/org/bouncycastle/bcprov-jdk15on/1.69/bcprov-jdk15on-1.69.jar:/Users/atiwari6/.m2/repository/org/bouncycastle/bcpkix-jdk15on/1.69/bcpkix-jdk15on-1.69.jar:/Users/atiwari6/.m2/repository/org/bouncycastle/bcutil-jdk15on/1.69/bcutil-jdk15on-1.69.jar:/Users/atiwari6/.m2/repository/org/apache/httpcomponents/httpcore/4.4.14/httpcore-4.4.14.jar:/Users/atiwari6/.m2/repository/org/apache/httpcomponents/httpclient-cache/4.5.13/httpclient-cache-4.5.13.jar:/Users/atiwari6/.m2/repository/com/google/guava/guava/31.0.1-jre/guava-31.0.1-jre.jar:/Users/atiwari6/.m2/repository/com/google/guava/failureaccess/1.0.1/failureaccess-1.0.1.jar:/Users/atiwari6/.m2/repository/com/google/guava/listenablefuture/9999.0-empty-to-avoid-conflict-with-guava/listenablefuture-9999.0-empty-to-avoid-conflict-with-guava.jar:/Users/atiwari6/.m2/repository/com/google/code/findbugs/jsr305/3.0.2/jsr305-3.0.2.jar:/Users/atiwari6/.m2/repository/org/checkerframework/checker-qual/3.12.0/checker-qual-3.12.0.jar:/Users/atiwari6/.m2/repository/com/google/errorprone/error_prone_annotations/2.7.1/error_prone_annotations-2.7.1.jar:/Users/atiwari6/.m2/repository/com/google/j2objc/j2objc-annotations/1.3/j2objc-annotations-1.3.jar:/Users/atiwari6/.m2/repository/commons-io/commons-io/2.8.0/commons-io-2.8.0.jar:/Users/atiwari6/.m2/repository/com/google/code/findbugs/annotations/3.0.1/annotations-3.0.1.jar:/Users/atiwari6/.m2/repository/net/jcip/jcip-annotations/1.0/jcip-annotations-1.0.jar:/Users/atiwari6/.m2/repository/com/atlassian/asap/asap-server-core/3.0.3/asap-server-core-3.0.3.jar:/Users/atiwari6/.m2/repository/org/springframework/spring-beans/5.3.12/spring-beans-5.3.12.jar:/Users/atiwari6/.m2/repository/org/springframework/spring-context/5.3.12/spring-context-5.3.12.jar:/Users/atiwari6/.m2/repository/com/amazonaws/aws-java-sdk-dynamodb/1.12.154/aws-java-sdk-dynamodb-1.12.154.jar:/Users/atiwari6/.m2/repository/com/amazonaws/aws-java-sdk-s3/1.12.129/aws-java-sdk-s3-1.12.129.jar:/Users/atiwari6/.m2/repository/com/amazonaws/aws-java-sdk-kms/1.12.129/aws-java-sdk-kms-1.12.129.jar:/Users/atiwari6/.m2/repository/com/amazonaws/aws-java-sdk-core/1.12.129/aws-java-sdk-core-1.12.129.jar:/Users/atiwari6/.m2/repository/commons-codec/commons-codec/1.15/commons-codec-1.15.jar:/Users/atiwari6/.m2/repository/org/apache/httpcomponents/httpclient/4.5.13/httpclient-4.5.13.jar:/Users/atiwari6/.m2/repository/software/amazon/ion/ion-java/1.0.2/ion-java-1.0.2.jar:/Users/atiwari6/.m2/repository/com/fasterxml/jackson/dataformat/jackson-dataformat-cbor/2.12.5/jackson-dataformat-cbor-2.12.5.jar:/Users/atiwari6/.m2/repository/joda-time/joda-time/2.8.1/joda-time-2.8.1.jar:/Users/atiwari6/.m2/repository/com/amazonaws/jmespath-java/1.12.129/jmespath-java-1.12.129.jar:/Users/atiwari6/.m2/repository/org/springframework/boot/spring-boot-configuration-processor/2.6.3/spring-boot-configuration-processor-2.6.3.jar:/Users/atiwari6/.m2/repository/org/springframework/boot/spring-boot-starter-test/2.6.3/spring-boot-starter-test-2.6.3.jar:/Users/atiwari6/.m2/repository/org/springframework/boot/spring-boot-test/2.5.6/spring-boot-test-2.5.6.jar:/Users/atiwari6/.m2/repository/org/springframework/boot/spring-boot-test-autoconfigure/2.5.6/spring-boot-test-autoconfigure-2.5.6.jar:/Users/atiwari6/.m2/repository/com/jayway/jsonpath/json-path/2.5.0/json-path-2.5.0.jar:/Users/atiwari6/.m2/repository/net/minidev/json-smart/2.4.7/json-smart-2.4.7.jar:/Users/atiwari6/.m2/repository/net/minidev/accessors-smart/2.4.7/accessors-smart-2.4.7.jar:/Users/atiwari6/.m2/repository/org/ow2/asm/asm/9.1/asm-9.1.jar:/Users/atiwari6/.m2/repository/org/slf4j/slf4j-api/1.7.32/slf4j-api-1.7.32.jar:/Users/atiwari6/.m2/repository/jakarta/xml/bind/jakarta.xml.bind-api/2.3.3/jakarta.xml.bind-api-2.3.3.jar:/Users/atiwari6/.m2/repository/jakarta/activation/jakarta.activation-api/1.2.2/jakarta.activation-api-1.2.2.jar:/Users/atiwari6/.m2/repository/org/assertj/assertj-core/3.19.0/assertj-core-3.19.0.jar:/Users/atiwari6/.m2/repository/org/hamcrest/hamcrest/2.2/hamcrest-2.2.jar:/Users/atiwari6/.m2/repository/org/junit/jupiter/junit-jupiter/5.7.2/junit-jupiter-5.7.2.jar:/Users/atiwari6/.m2/repository/org/junit/jupiter/junit-jupiter-api/5.7.2/junit-jupiter-api-5.7.2.jar:/Users/atiwari6/.m2/repository/org/apiguardian/apiguardian-api/1.1.0/apiguardian-api-1.1.0.jar:/Users/atiwari6/.m2/repository/org/opentest4j/opentest4j/1.2.0/opentest4j-1.2.0.jar:/Users/atiwari6/.m2/repository/org/junit/platform/junit-platform-commons/1.7.2/junit-platform-commons-1.7.2.jar:/Users/atiwari6/.m2/repository/org/junit/jupiter/junit-jupiter-params/5.7.2/junit-jupiter-params-5.7.2.jar:/Users/atiwari6/.m2/repository/org/junit/jupiter/junit-jupiter-engine/5.7.2/junit-jupiter-engine-5.7.2.jar:/Users/atiwari6/.m2/repository/org/junit/platform/junit-platform-engine/1.7.2/junit-platform-engine-1.7.2.jar:/Users/atiwari6/.m2/repository/org/mockito/mockito-core/3.9.0/mockito-core-3.9.0.jar:/Users/atiwari6/.m2/repository/net/bytebuddy/byte-buddy/1.10.22/byte-buddy-1.10.22.jar:/Users/atiwari6/.m2/repository/net/bytebuddy/byte-buddy-agent/1.10.22/byte-buddy-agent-1.10.22.jar:/Users/atiwari6/.m2/repository/org/objenesis/objenesis/3.2/objenesis-3.2.jar:/Users/atiwari6/.m2/repository/org/mockito/mockito-junit-jupiter/3.9.0/mockito-junit-jupiter-3.9.0.jar:/Users/atiwari6/.m2/repository/org/skyscreamer/jsonassert/1.5.0/jsonassert-1.5.0.jar:/Users/atiwari6/.m2/repository/com/vaadin/external/google/android-json/0.0.20131108.vaadin1/android-json-0.0.20131108.vaadin1.jar:/Users/atiwari6/.m2/repository/org/springframework/spring-core/5.3.12/spring-core-5.3.12.jar:/Users/atiwari6/.m2/repository/org/springframework/spring-jcl/5.3.12/spring-jcl-5.3.12.jar:/Users/atiwari6/.m2/repository/org/springframework/spring-test/5.3.12/spring-test-5.3.12.jar:/Users/atiwari6/.m2/repository/org/xmlunit/xmlunit-core/2.8.3/xmlunit-core-2.8.3.jar:/Users/atiwari6/.m2/repository/org/projectlombok/lombok/1.18.22/lombok-1.18.22.jar:/Users/atiwari6/.m2/repository/org/mapstruct/mapstruct/1.4.2.Final/mapstruct-1.4.2.Final.jar:"/>
    <property name="sun.cpu.endian" value="little"/>
    <property name="user.home" value="/Users/atiwari6"/>
    <property name="user.language" value="en"/>
    <property name="git.closest.tag.commit.count" value=""/>
    <property name="java.specification.vendor" value="Oracle Corporation"/>
    <property name="java.version.date" value="2021-04-20"/>
    <property name="java.home" value="/Library/Java/JavaVirtualMachines/adoptopenjdk-11.jdk/Contents/Home"/>
    <property name="git.total.commit.count" value="3"/>
    <property name="file.separator" value="/"/>
    <property name="basedir" value="/Users/atiwari6/Desktop/democrud-bookapplication"/>
    <property name="java.vm.compressedOopsMode" value="Zero based"/>
    <property name="line.separator" value="&#10;"/>
    <property name="git.build.user.email" value="atiwari6@atlassian.com"/>
    <property name="git.commit.committer.time" value="2022-03-03T16:29:53+0530"/>
    <property name="java.specification.name" value="Java Platform API Specification"/>
    <property name="java.vm.specification.vendor" value="Oracle Corporation"/>
    <property name="java.awt.graphicsenv" value="sun.awt.CGraphicsEnvironment"/>
    <property name="git.closest.tag.name" value=""/>
    <property name="git.local.branch.ahead" value="0"/>
    <property name="git.build.time" value="2022-03-09T15:00:02+0530"/>
    <property name="surefire.real.class.path" value="/Users/atiwari6/Desktop/democrud-bookapplication/target/surefire/surefirebooter17216497527452560659.jar"/>
    <property name="git.commit.message.full" value="done"/>
    <property name="sun.management.compiler" value="HotSpot 64-Bit Tiered Compilers"/>
    <property name="java.runtime.version" value="11.0.11+9"/>
    <property name="user.name" value="atiwari6"/>
    <property name="path.separator" value=":"/>
    <property name="os.version" value="10.16"/>
    <property name="java.runtime.name" value="OpenJDK Runtime Environment"/>
    <property name="file.encoding" value="UTF-8"/>
    <property name="git.commit.user.email" value="atiwari6@atlassian.com"/>
    <property name="java.vm.name" value="OpenJDK 64-Bit Server VM"/>
    <property name="java.vendor.version" value="AdoptOpenJDK-11.0.11+9"/>
    <property name="git.local.branch.behind" value="0"/>
    <property name="git.dirty" value="true"/>
    <property name="localRepository" value="/Users/atiwari6/.m2/repository"/>
    <property name="java.vendor.url.bug" value="https://github.com/AdoptOpenJDK/openjdk-support/issues"/>
    <property name="java.io.tmpdir" value="/var/folders/kr/m5mv5wl5023drnnhf8bflrdr0000gp/T/"/>
    <property name="java.version" value="11.0.11"/>
    <property name="user.dir" value="/Users/atiwari6/Desktop/democrud-bookapplication"/>
    <property name="os.arch" value="x86_64"/>
    <property name="git.commit.user.name" value="Aanchal-Tiwari"/>
    <property name="git.commit.id.abbrev" value="806f13a"/>
    <property name="java.vm.specification.name" value="Java Virtual Machine Specification"/>
    <property name="java.awt.printerjob" value="sun.lwawt.macosx.CPrinterJob"/>
    <property name="git.commit.id.describe-short" value="806f13a-dirty"/>
    <property name="sun.os.patch.level" value="unknown"/>
    <property name="git.commit.id.describe" value="806f13a-dirty"/>
    <property name="java.library.path" value="/Users/atiwari6/Library/Java/Extensions:/Library/Java/Extensions:/Network/Library/Java/Extensions:/System/Library/Java/Extensions:/usr/lib/java:."/>
    <property name="git.commit.message.short" value="done"/>
    <property name="java.vm.info" value="mixed mode"/>
    <property name="java.vendor" value="AdoptOpenJDK"/>
    <property name="java.vm.version" value="11.0.11+9"/>
    <property name="sun.io.unicode.encoding" value="UnicodeBig"/>
    <property name="java.class.version" value="55.0"/>
    <property name="git.commit.time" value="2022-03-03T16:29:53+0530"/>
    <property name="git.remote.origin.url" value="git@bitbucket.org:atlassian/democrud-bookapplication.git"/>
  </properties>
  <testcase name="serviceStartsInSandboxSuccessfully" classname="io.atlassian.micros.myservice.WebServiceTestsIT" time="0.682">
    <system-out><![CDATA[15:03:41.378 [main] DEBUG org.apache.http.client.protocol.RequestAddCookies - CookieSpec selected: default
15:03:41.390 [main] DEBUG org.apache.http.client.protocol.RequestAuthCache - Auth cache not set in the context
15:03:41.391 [main] DEBUG org.apache.http.impl.conn.PoolingHttpClientConnectionManager - Connection request: [route: {}->http://localhost:8080][total available: 0; route allocated: 0 of 2; total allocated: 0 of 20]
15:03:41.400 [main] DEBUG org.apache.http.impl.conn.PoolingHttpClientConnectionManager - Connection leased: [id: 0][route: {}->http://localhost:8080][total available: 0; route allocated: 1 of 2; total allocated: 1 of 20]
15:03:41.401 [main] DEBUG org.apache.http.impl.execchain.MainClientExec - Opening connection {}->http://localhost:8080
15:03:41.424 [main] DEBUG org.apache.http.impl.conn.DefaultHttpClientConnectionOperator - Connecting to localhost/127.0.0.1:8080
15:03:41.433 [main] DEBUG org.apache.http.impl.conn.DefaultHttpClientConnectionOperator - Connection established 127.0.0.1:54303<->127.0.0.1:8080
15:03:41.433 [main] DEBUG org.apache.http.impl.execchain.MainClientExec - Executing request GET /heartbeat HTTP/1.1
15:03:41.434 [main] DEBUG org.apache.http.impl.execchain.MainClientExec - Target auth state: UNCHALLENGED
15:03:41.435 [main] DEBUG org.apache.http.impl.execchain.MainClientExec - Proxy auth state: UNCHALLENGED
15:03:41.437 [main] DEBUG org.apache.http.headers - http-outgoing-0 >> GET /heartbeat HTTP/1.1
15:03:41.437 [main] DEBUG org.apache.http.headers - http-outgoing-0 >> Host: localhost:8080
15:03:41.437 [main] DEBUG org.apache.http.headers - http-outgoing-0 >> Connection: Keep-Alive
15:03:41.437 [main] DEBUG org.apache.http.headers - http-outgoing-0 >> User-Agent: Apache-HttpClient/4.5.13 (Java/11.0.11)
15:03:41.438 [main] DEBUG org.apache.http.headers - http-outgoing-0 >> Accept-Encoding: gzip,deflate
15:03:41.438 [main] DEBUG org.apache.http.wire - http-outgoing-0 >> "GET /heartbeat HTTP/1.1[\r][\n]"
15:03:41.438 [main] DEBUG org.apache.http.wire - http-outgoing-0 >> "Host: localhost:8080[\r][\n]"
15:03:41.438 [main] DEBUG org.apache.http.wire - http-outgoing-0 >> "Connection: Keep-Alive[\r][\n]"
15:03:41.438 [main] DEBUG org.apache.http.wire - http-outgoing-0 >> "User-Agent: Apache-HttpClient/4.5.13 (Java/11.0.11)[\r][\n]"
15:03:41.438 [main] DEBUG org.apache.http.wire - http-outgoing-0 >> "Accept-Encoding: gzip,deflate[\r][\n]"
15:03:41.438 [main] DEBUG org.apache.http.wire - http-outgoing-0 >> "[\r][\n]"
15:03:41.481 [main] DEBUG org.apache.http.wire - http-outgoing-0 << "HTTP/1.1 200 [\r][\n]"
15:03:41.481 [main] DEBUG org.apache.http.wire - http-outgoing-0 << "Content-Type: application/vnd.spring-boot.actuator.v3+json[\r][\n]"
15:03:41.481 [main] DEBUG org.apache.http.wire - http-outgoing-0 << "Content-Length: 4[\r][\n]"
15:03:41.481 [main] DEBUG org.apache.http.wire - http-outgoing-0 << "Date: Wed, 09 Mar 2022 09:33:41 GMT[\r][\n]"
15:03:41.481 [main] DEBUG org.apache.http.wire - http-outgoing-0 << "Keep-Alive: timeout=120[\r][\n]"
15:03:41.481 [main] DEBUG org.apache.http.wire - http-outgoing-0 << "Connection: keep-alive[\r][\n]"
15:03:41.481 [main] DEBUG org.apache.http.wire - http-outgoing-0 << "[\r][\n]"
15:03:41.481 [main] DEBUG org.apache.http.wire - http-outgoing-0 << ""UP""
15:03:41.487 [main] DEBUG org.apache.http.headers - http-outgoing-0 << HTTP/1.1 200 
15:03:41.487 [main] DEBUG org.apache.http.headers - http-outgoing-0 << Content-Type: application/vnd.spring-boot.actuator.v3+json
15:03:41.487 [main] DEBUG org.apache.http.headers - http-outgoing-0 << Content-Length: 4
15:03:41.487 [main] DEBUG org.apache.http.headers - http-outgoing-0 << Date: Wed, 09 Mar 2022 09:33:41 GMT
15:03:41.487 [main] DEBUG org.apache.http.headers - http-outgoing-0 << Keep-Alive: timeout=120
15:03:41.487 [main] DEBUG org.apache.http.headers - http-outgoing-0 << Connection: keep-alive
15:03:41.491 [main] DEBUG org.apache.http.impl.execchain.MainClientExec - Connection can be kept alive for 120000 MILLISECONDS
]]></system-out>
  </testcase>
</testsuite>